<?xml version="1.0" encoding="UTF-8"?>
<!-- Generated by org.testng.reporters.JUnitReportReporter -->
<testsuite hostname="DESKTOP-QBF8APR" failures="0" tests="12" name="testCases.TC001_RegisterTest" time="15.765" errors="0" timestamp="2025-10-30T15:32:51 IST" skipped="0">
  <testcase classname="testCases.TC001_RegisterTest" name="RegisterTest" time="2.038"/>
  <testcase classname="testCases.TC001_RegisterTest" name="RegisterWithMissingFirstName" time="1.367"/>
  <testcase classname="testCases.TC001_RegisterTest" name="RegisterWithMissingLastName" time="1.126"/>
  <testcase classname="testCases.TC001_RegisterTest" name="RegisterWithMissingAddress" time="1.112"/>
  <testcase classname="testCases.TC001_RegisterTest" name="RegisterWithMissingCity" time="1.130"/>
  <testcase classname="testCases.TC001_RegisterTest" name="RegisterWithMissingState" time="1.163"/>
  <testcase classname="testCases.TC001_RegisterTest" name="RegisterWithMissingZipCode" time="1.108"/>
  <testcase classname="testCases.TC001_RegisterTest" name="RegisterWithMissingSSN" time="2.072"/>
  <testcase classname="testCases.TC001_RegisterTest" name="RegisterWithMissingUsername" time="1.111"/>
  <testcase classname="testCases.TC001_RegisterTest" name="RegisterWithMissingPassword" time="1.092"/>
  <testcase classname="testCases.TC001_RegisterTest" name="RegisterWithMismatchedPasswords" time="1.221"/>
  <testcase classname="testCases.TC001_RegisterTest" name="RegisterWithExistingUsername" time="1.225"/>
</testsuite> <!-- testCases.TC001_RegisterTest -->
