<?xml version="1.0" encoding="UTF-8"?>
<!-- Generated by org.testng.reporters.JUnitReportReporter -->
<testsuite hostname="DESKTOP-QBF8APR" failures="0" tests="4" name="testCases.TC003_OpenNewAccountTest" time="32.096" errors="0" timestamp="2025-10-30T22:06:07 IST" skipped="0">
  <testcase classname="testCases.TC003_OpenNewAccountTest" name="OpenNewAccountTest" time="6.133"/>
  <testcase classname="testCases.TC003_OpenNewAccountTest" name="OpenCheckingAccountTest" time="8.598"/>
  <testcase classname="testCases.TC003_OpenNewAccountTest" name="VerifyAccountDetailsNavigationTest" time="8.756"/>
  <testcase classname="testCases.TC003_OpenNewAccountTest" name="VerifyBackButtonAfterAccountCreationTest" time="8.609"/>
</testsuite> <!-- testCases.TC003_OpenNewAccountTest -->
