<?xml version="1.0" encoding="UTF-8"?>
<!-- Generated by org.testng.reporters.JUnitReportReporter -->
<testsuite hostname="DESKTOP-QBF8APR" failures="0" tests="5" name="testCases.TC007_LoginDDT" time="42.609" errors="0" timestamp="2025-09-24T23:06:50 IST" skipped="0">
  <testcase classname="testCases.TC007_LoginDDT" name="verify_Loginddt" time="12.379"/>
  <testcase classname="testCases.TC007_LoginDDT" name="verify_Loginddt" time="2.999"/>
  <testcase classname="testCases.TC007_LoginDDT" name="verify_Loginddt" time="12.355"/>
  <testcase classname="testCases.TC007_LoginDDT" name="verify_Loginddt" time="2.584"/>
  <testcase classname="testCases.TC007_LoginDDT" name="verify_Loginddt" time="12.292"/>
</testsuite> <!-- testCases.TC007_LoginDDT -->
