<?xml version="1.0" encoding="UTF-8"?>
<!-- Generated by org.testng.reporters.JUnitReportReporter -->
<testsuite hostname="DESKTOP-QBF8APR" failures="0" tests="12" name="testCases.TC001_RegisterTest" time="16.020" errors="0" timestamp="2025-10-30T22:06:07 IST" skipped="0">
  <testcase classname="testCases.TC001_RegisterTest" name="RegisterTest" time="2.094"/>
  <testcase classname="testCases.TC001_RegisterTest" name="RegisterWithMissingFirstName" time="1.398"/>
  <testcase classname="testCases.TC001_RegisterTest" name="RegisterWithMissingLastName" time="1.231"/>
  <testcase classname="testCases.TC001_RegisterTest" name="RegisterWithMissingAddress" time="1.214"/>
  <testcase classname="testCases.TC001_RegisterTest" name="RegisterWithMissingCity" time="1.070"/>
  <testcase classname="testCases.TC001_RegisterTest" name="RegisterWithMissingState" time="1.343"/>
  <testcase classname="testCases.TC001_RegisterTest" name="RegisterWithMissingZipCode" time="1.057"/>
  <testcase classname="testCases.TC001_RegisterTest" name="RegisterWithMissingSSN" time="2.085"/>
  <testcase classname="testCases.TC001_RegisterTest" name="RegisterWithMissingUsername" time="1.209"/>
  <testcase classname="testCases.TC001_RegisterTest" name="RegisterWithMissingPassword" time="1.113"/>
  <testcase classname="testCases.TC001_RegisterTest" name="RegisterWithMismatchedPasswords" time="1.122"/>
  <testcase classname="testCases.TC001_RegisterTest" name="RegisterWithExistingUsername" time="1.084"/>
</testsuite> <!-- testCases.TC001_RegisterTest -->
