<?xml version="1.0" encoding="UTF-8"?>
<!-- Generated by org.testng.reporters.JUnitReportReporter -->
<testsuite hostname="DESKTOP-QBF8APR" failures="0" tests="1" name="testCases.TC005_BillPayTestCase" time="11.736" errors="0" timestamp="2025-09-24T22:27:45 IST" skipped="0">
  <testcase classname="testCases.TC005_BillPayTestCase" name="BillPayWithValidDetailsTest" time="11.736"/>
</testsuite> <!-- testCases.TC005_BillPayTestCase -->
