<?xml version="1.0" encoding="UTF-8"?>
<!-- Generated by org.testng.reporters.JUnitReportReporter -->
<testsuite hostname="DESKTOP-QBF8APR" failures="0" tests="12" name="testCases.TC001_RegisterTest" time="17.730" errors="0" timestamp="2025-11-01T22:41:37 IST" skipped="0">
  <testcase classname="testCases.TC001_RegisterTest" name="RegisterTest" time="3.598"/>
  <testcase classname="testCases.TC001_RegisterTest" name="RegisterWithMissingFirstName" time="1.241"/>
  <testcase classname="testCases.TC001_RegisterTest" name="RegisterWithMissingLastName" time="1.069"/>
  <testcase classname="testCases.TC001_RegisterTest" name="RegisterWithMissingAddress" time="1.126"/>
  <testcase classname="testCases.TC001_RegisterTest" name="RegisterWithMissingCity" time="1.079"/>
  <testcase classname="testCases.TC001_RegisterTest" name="RegisterWithMissingState" time="1.227"/>
  <testcase classname="testCases.TC001_RegisterTest" name="RegisterWithMissingZipCode" time="1.062"/>
  <testcase classname="testCases.TC001_RegisterTest" name="RegisterWithMissingSSN" time="2.038"/>
  <testcase classname="testCases.TC001_RegisterTest" name="RegisterWithMissingUsername" time="1.167"/>
  <testcase classname="testCases.TC001_RegisterTest" name="RegisterWithMissingPassword" time="1.108"/>
  <testcase classname="testCases.TC001_RegisterTest" name="RegisterWithMismatchedPasswords" time="1.210"/>
  <testcase classname="testCases.TC001_RegisterTest" name="RegisterWithExistingUsername" time="1.805"/>
</testsuite> <!-- testCases.TC001_RegisterTest -->
