<?xml version="1.0" encoding="UTF-8"?>
<!-- Generated by org.testng.reporters.JUnitReportReporter -->
<testsuite hostname="DESKTOP-QBF8APR" failures="0" tests="1" name="testCases.TC003_OpenNewAccountTest" time="6.623" errors="0" timestamp="2025-10-29T19:37:35 IST" skipped="0">
  <testcase classname="testCases.TC003_OpenNewAccountTest" name="OpenNewAccountTest" time="6.623"/>
</testsuite> <!-- testCases.TC003_OpenNewAccountTest -->
