<?xml version="1.0" encoding="UTF-8"?>
<!-- Generated by org.testng.reporters.JUnitReportReporter -->
<testsuite hostname="DESKTOP-QBF8APR" failures="0" tests="1" name="testCases.TC003_OpenNewAccountTestCase" time="6.247" errors="0" timestamp="2025-09-24T20:31:04 IST" skipped="0">
  <testcase classname="testCases.TC003_OpenNewAccountTestCase" name="OpenNewAccountTest" time="6.247"/>
</testsuite> <!-- testCases.TC003_OpenNewAccountTestCase -->
