<?xml version="1.0" encoding="UTF-8"?>
<!-- Generated by org.testng.reporters.JUnitReportReporter -->
<testsuite hostname="DESKTOP-QBF8APR" failures="0" tests="1" name="testCases.TC010_AccountOverview" time="9.086" errors="0" timestamp="2025-10-29T19:37:35 IST" skipped="0">
  <testcase classname="testCases.TC010_AccountOverview" name="verifyAccountOverview" time="9.086"/>
</testsuite> <!-- testCases.TC010_AccountOverview -->
