<?xml version="1.0" encoding="UTF-8"?>
<!-- Generated by org.testng.reporters.JUnitReportReporter -->
<testsuite hostname="DESKTOP-QBF8APR" failures="0" tests="12" name="testCases.TC002_LoginTest" time="9.304" errors="0" timestamp="2025-11-01T22:41:37 IST" skipped="0">
  <testcase classname="testCases.TC002_LoginTest" name="loginTest" time="5.631"/>
  <testcase classname="testCases.TC002_LoginTest" name="loginWithInvalidPassword" time="0.374"/>
  <testcase classname="testCases.TC002_LoginTest" name="loginWithBothInvalidCredentials" time="0.427"/>
  <testcase classname="testCases.TC002_LoginTest" name="loginWithEmptyUsername" time="0.306"/>
  <testcase classname="testCases.TC002_LoginTest" name="loginWithEmptyPassword" time="0.257"/>
  <testcase classname="testCases.TC002_LoginTest" name="loginWithBothFieldsEmpty" time="0.226"/>
  <testcase classname="testCases.TC002_LoginTest" name="loginWithSQLInjection" time="0.276"/>
  <testcase classname="testCases.TC002_LoginTest" name="loginWithSpecialCharacters" time="0.277"/>
  <testcase classname="testCases.TC002_LoginTest" name="loginWithSpacesInCredentials" time="0.283"/>
  <testcase classname="testCases.TC002_LoginTest" name="loginWithCaseSensitiveUsername" time="0.399"/>
  <testcase classname="testCases.TC002_LoginTest" name="loginWithExcessivelyLongUsername" time="0.538"/>
  <testcase classname="testCases.TC002_LoginTest" name="loginWithScriptTags" time="0.310"/>
</testsuite> <!-- testCases.TC002_LoginTest -->
