<?xml version="1.0" encoding="UTF-8"?>
<!-- Generated by org.testng.reporters.JUnitReportReporter -->
<testsuite hostname="DESKTOP-QBF8APR" failures="0" tests="5" name="testCases.TC007_LoginDDT" time="43.368" errors="0" timestamp="2025-10-29T19:37:35 IST" skipped="0">
  <testcase classname="testCases.TC007_LoginDDT" name="verify_Loginddt" time="3.054"/>
  <testcase classname="testCases.TC007_LoginDDT" name="verify_Loginddt" time="12.361"/>
  <testcase classname="testCases.TC007_LoginDDT" name="verify_Loginddt" time="12.515"/>
  <testcase classname="testCases.TC007_LoginDDT" name="verify_Loginddt" time="12.526"/>
  <testcase classname="testCases.TC007_LoginDDT" name="verify_Loginddt" time="2.912"/>
</testsuite> <!-- testCases.TC007_LoginDDT -->
