<?xml version="1.0" encoding="UTF-8"?>
<!-- Generated by org.testng.reporters.JUnitReportReporter -->
<testsuite hostname="DESKTOP-QBF8APR" failures="0" tests="5" name="testCases.TC007_LoginDDT" time="42.178" errors="0" timestamp="2025-10-10T16:43:25 IST" skipped="0">
  <testcase classname="testCases.TC007_LoginDDT" name="verify_Loginddt" time="2.534"/>
  <testcase classname="testCases.TC007_LoginDDT" name="verify_Loginddt" time="12.317"/>
  <testcase classname="testCases.TC007_LoginDDT" name="verify_Loginddt" time="2.672"/>
  <testcase classname="testCases.TC007_LoginDDT" name="verify_Loginddt" time="12.369"/>
  <testcase classname="testCases.TC007_LoginDDT" name="verify_Loginddt" time="12.286"/>
</testsuite> <!-- testCases.TC007_LoginDDT -->
