<?xml version="1.0" encoding="UTF-8"?>
<!-- Generated by org.testng.reporters.JUnitReportReporter -->
<testsuite hostname="DESKTOP-QBF8APR" failures="0" tests="1" name="testCases.TC006_ApplyLoanTest" time="6.739" errors="0" timestamp="2025-09-24T22:48:39 IST" skipped="0">
  <testcase classname="testCases.TC006_ApplyLoanTest" name="VerifyApplyLoan" time="6.739"/>
</testsuite> <!-- testCases.TC006_ApplyLoanTest -->
