<?xml version="1.0" encoding="UTF-8"?>
<!-- Generated by org.testng.reporters.JUnitReportReporter -->
<testsuite hostname="DESKTOP-QBF8APR" failures="0" tests="1" name="testCases.TC001_RegisterTest" time="1.669" errors="0" timestamp="2025-10-10T16:43:25 IST" skipped="0">
  <testcase classname="testCases.TC001_RegisterTest" name="RegisterTest" time="1.669"/>
</testsuite> <!-- testCases.TC001_RegisterTest -->
