<?xml version="1.0" encoding="UTF-8"?>
<!-- Generated by org.testng.reporters.JUnitReportReporter -->
<testsuite hostname="DESKTOP-QBF8APR" failures="0" tests="1" name="testCases.TC002_LoginTest" time="4.731" errors="0" timestamp="2025-10-10T16:43:25 IST" skipped="0">
  <testcase classname="testCases.TC002_LoginTest" name="loginTest" time="4.731"/>
</testsuite> <!-- testCases.TC002_LoginTest -->
