<?xml version="1.0" encoding="UTF-8"?>
<!-- Generated by org.testng.reporters.JUnitReportReporter -->
<testsuite hostname="DESKTOP-QBF8APR" failures="0" tests="1" name="testCases.TC006_ApplyLoanTest" time="7.664" errors="0" timestamp="2025-10-29T19:37:35 IST" skipped="0">
  <testcase classname="testCases.TC006_ApplyLoanTest" name="VerifyApplyLoan" time="7.664"/>
</testsuite> <!-- testCases.TC006_ApplyLoanTest -->
