<?xml version="1.0" encoding="UTF-8"?>
<!-- Generated by org.testng.reporters.JUnitReportReporter -->
<testsuite hostname="DESKTOP-QBF8APR" failures="0" tests="4" name="testCases.TC003_OpenNewAccountTest" time="34.504" errors="0" timestamp="2025-11-01T22:41:37 IST" skipped="0">
  <testcase classname="testCases.TC003_OpenNewAccountTest" name="OpenNewAccountTest" time="7.977"/>
  <testcase classname="testCases.TC003_OpenNewAccountTest" name="OpenCheckingAccountTest" time="8.503"/>
  <testcase classname="testCases.TC003_OpenNewAccountTest" name="VerifyAccountDetailsNavigationTest" time="9.407"/>
  <testcase classname="testCases.TC003_OpenNewAccountTest" name="VerifyBackButtonAfterAccountCreationTest" time="8.617"/>
</testsuite> <!-- testCases.TC003_OpenNewAccountTest -->
