<?xml version="1.0" encoding="UTF-8"?>
<!-- Generated by org.testng.reporters.JUnitReportReporter -->
<testsuite hostname="DESKTOP-QBF8APR" failures="0" tests="1" name="testCases.TC009_FooterTest" time="16.480" errors="0" timestamp="2025-10-29T19:37:35 IST" skipped="0">
  <testcase classname="testCases.TC009_FooterTest" name="VerifyFooterSection" time="16.480"/>
</testsuite> <!-- testCases.TC009_FooterTest -->
