<?xml version="1.0" encoding="UTF-8"?>
<!-- Generated by org.testng.reporters.JUnitReportReporter -->
<testsuite hostname="DESKTOP-QBF8APR" failures="0" tests="1" name="testCases.TC010_AccountOverview" time="5.777" errors="0" timestamp="2025-10-10T22:12:39 IST" skipped="0">
  <testcase classname="testCases.TC010_AccountOverview" name="VerifyAccountOverview" time="5.777"/>
</testsuite> <!-- testCases.TC010_AccountOverview -->
