<?xml version="1.0" encoding="UTF-8"?>
<!-- Generated by org.testng.reporters.JUnitReportReporter -->
<testsuite hostname="DESKTOP-QBF8APR" failures="0" tests="6" name="testCases.TC004_TransferFundsTest" time="41.119" errors="0" timestamp="2025-10-30T22:43:12 IST" skipped="0">
  <testcase classname="testCases.TC004_TransferFundsTest" name="TransferFundsWithAmountTest" time="13.557"/>
  <testcase classname="testCases.TC004_TransferFundsTest" name="TransferFundsWithoutAmountTest" time="6.127"/>
  <testcase classname="testCases.TC004_TransferFundsTest" name="TransferFundsWithInvalidAmountTest" time="6.190"/>
  <testcase classname="testCases.TC004_TransferFundsTest" name="TransferFundsWithDecimalAmountTest" time="6.137"/>
  <testcase classname="testCases.TC004_TransferFundsTest" name="TransferFundsWithSpecialCharactersTest" time="6.111"/>
  <testcase classname="testCases.TC004_TransferFundsTest" name="TransferFundsWithExcessiveAmountTest" time="2.997"/>
</testsuite> <!-- testCases.TC004_TransferFundsTest -->
