<?xml version="1.0" encoding="UTF-8"?>
<!-- Generated by org.testng.reporters.JUnitReportReporter -->
<testsuite hostname="DESKTOP-QBF8APR" failures="0" tests="12" name="testCases.TC002_LoginTest" time="9.220" errors="0" timestamp="2025-10-30T17:41:00 IST" skipped="0">
  <testcase classname="testCases.TC002_LoginTest" name="loginTest" time="4.799"/>
  <testcase classname="testCases.TC002_LoginTest" name="loginWithInvalidPassword" time="0.379"/>
  <testcase classname="testCases.TC002_LoginTest" name="loginWithBothInvalidCredentials" time="0.356"/>
  <testcase classname="testCases.TC002_LoginTest" name="loginWithEmptyUsername" time="0.270"/>
  <testcase classname="testCases.TC002_LoginTest" name="loginWithEmptyPassword" time="0.306"/>
  <testcase classname="testCases.TC002_LoginTest" name="loginWithBothFieldsEmpty" time="0.270"/>
  <testcase classname="testCases.TC002_LoginTest" name="loginWithSQLInjection" time="0.311"/>
  <testcase classname="testCases.TC002_LoginTest" name="loginWithSpecialCharacters" time="0.364"/>
  <testcase classname="testCases.TC002_LoginTest" name="loginWithSpacesInCredentials" time="0.845"/>
  <testcase classname="testCases.TC002_LoginTest" name="loginWithCaseSensitiveUsername" time="0.303"/>
  <testcase classname="testCases.TC002_LoginTest" name="loginWithExcessivelyLongUsername" time="0.596"/>
  <testcase classname="testCases.TC002_LoginTest" name="loginWithScriptTags" time="0.421"/>
</testsuite> <!-- testCases.TC002_LoginTest -->
