<?xml version="1.0" encoding="UTF-8"?>
<!-- Generated by org.testng.reporters.JUnitReportReporter -->
<testsuite hostname="DESKTOP-QBF8APR" failures="0" tests="6" name="testCases.TC004_TransferFundsTest" time="42.340" errors="0" timestamp="2025-11-01T22:43:43 IST" skipped="0">
  <testcase classname="testCases.TC004_TransferFundsTest" name="TransferFundsWithAmountTest" time="13.950"/>
  <testcase classname="testCases.TC004_TransferFundsTest" name="TransferFundsWithoutAmountTest" time="6.293"/>
  <testcase classname="testCases.TC004_TransferFundsTest" name="TransferFundsWithInvalidAmountTest" time="6.173"/>
  <testcase classname="testCases.TC004_TransferFundsTest" name="TransferFundsWithDecimalAmountTest" time="6.206"/>
  <testcase classname="testCases.TC004_TransferFundsTest" name="TransferFundsWithSpecialCharactersTest" time="6.174"/>
  <testcase classname="testCases.TC004_TransferFundsTest" name="TransferFundsWithExcessiveAmountTest" time="3.544"/>
</testsuite> <!-- testCases.TC004_TransferFundsTest -->
