<?xml version="1.0" encoding="UTF-8"?>
<!-- Generated by org.testng.reporters.JUnitReportReporter -->
<testsuite hostname="DESKTOP-QBF8APR" failures="0" tests="1" name="testCases.TC004_TransferFundsTestCase" time="13.457" errors="0" timestamp="2025-09-24T21:32:10 IST" skipped="0">
  <testcase classname="testCases.TC004_TransferFundsTestCase" name="TransferFundsWithoutAmountTest" time="13.457"/>
</testsuite> <!-- testCases.TC004_TransferFundsTestCase -->
