<?xml version="1.0" encoding="UTF-8"?>
<!-- Generated by org.testng.reporters.JUnitReportReporter -->
<testsuite hostname="DESKTOP-QBF8APR" failures="0" tests="12" name="testCases.TC002_LoginTest" time="8.558" errors="0" timestamp="2025-10-30T22:06:07 IST" skipped="0">
  <testcase classname="testCases.TC002_LoginTest" name="loginTest" time="4.567"/>
  <testcase classname="testCases.TC002_LoginTest" name="loginWithInvalidPassword" time="0.344"/>
  <testcase classname="testCases.TC002_LoginTest" name="loginWithBothInvalidCredentials" time="0.307"/>
  <testcase classname="testCases.TC002_LoginTest" name="loginWithEmptyUsername" time="0.236"/>
  <testcase classname="testCases.TC002_LoginTest" name="loginWithEmptyPassword" time="0.255"/>
  <testcase classname="testCases.TC002_LoginTest" name="loginWithBothFieldsEmpty" time="0.241"/>
  <testcase classname="testCases.TC002_LoginTest" name="loginWithSQLInjection" time="0.301"/>
  <testcase classname="testCases.TC002_LoginTest" name="loginWithSpecialCharacters" time="0.302"/>
  <testcase classname="testCases.TC002_LoginTest" name="loginWithSpacesInCredentials" time="0.276"/>
  <testcase classname="testCases.TC002_LoginTest" name="loginWithCaseSensitiveUsername" time="0.270"/>
  <testcase classname="testCases.TC002_LoginTest" name="loginWithExcessivelyLongUsername" time="1.091"/>
  <testcase classname="testCases.TC002_LoginTest" name="loginWithScriptTags" time="0.368"/>
</testsuite> <!-- testCases.TC002_LoginTest -->
