<?xml version="1.0" encoding="UTF-8"?>
<!-- Generated by org.testng.reporters.JUnitReportReporter -->
<testsuite hostname="DESKTOP-QBF8APR" failures="0" tests="14" name="testCases.TC005_BillPayTest" time="55.982" errors="0" timestamp="2025-11-01T23:43:54 IST" skipped="0">
  <testcase classname="testCases.TC005_BillPayTest" name="BillPayWithValidDetailsTest" time="11.923"/>
  <testcase classname="testCases.TC005_BillPayTest" name="BillPayWithoutPayeeNameTest" time="3.447"/>
  <testcase classname="testCases.TC005_BillPayTest" name="BillPayWithoutAddressTest" time="3.469"/>
  <testcase classname="testCases.TC005_BillPayTest" name="BillPayWithoutCityTest" time="3.349"/>
  <testcase classname="testCases.TC005_BillPayTest" name="BillPayWithoutStateTest" time="3.400"/>
  <testcase classname="testCases.TC005_BillPayTest" name="BillPayWithoutPhoneTest" time="3.421"/>
  <testcase classname="testCases.TC005_BillPayTest" name="BillPayWithoutAccountNumberTest" time="3.424"/>
  <testcase classname="testCases.TC005_BillPayTest" name="BillPayWithoutVerifyAccountTest" time="3.324"/>
  <testcase classname="testCases.TC005_BillPayTest" name="BillPayWithoutAmountTest" time="3.381"/>
  <testcase classname="testCases.TC005_BillPayTest" name="BillPayWithMismatchedAccountNumbersTest" time="3.472"/>
  <testcase classname="testCases.TC005_BillPayTest" name="BillPayWithNonNumericAccountNumberTest" time="3.381"/>
  <testcase classname="testCases.TC005_BillPayTest" name="BillPayWithNonNumericAmountTest" time="3.389"/>
  <testcase classname="testCases.TC005_BillPayTest" name="BillPayWithAllFieldsEmptyTest" time="3.135"/>
  <testcase classname="testCases.TC005_BillPayTest" name="BillPayWithDecimalAmountTest" time="3.467"/>
</testsuite> <!-- testCases.TC005_BillPayTest -->
