<?xml version="1.0" encoding="UTF-8"?>
<!-- Generated by org.testng.reporters.JUnitReportReporter -->
<testsuite hostname="DESKTOP-QBF8APR" failures="0" tests="4" name="testCases.TC003_OpenNewAccountTest" time="32.490" errors="0" timestamp="2025-10-30T18:45:42 IST" skipped="0">
  <testcase classname="testCases.TC003_OpenNewAccountTest" name="OpenNewAccountTest" time="6.272"/>
  <testcase classname="testCases.TC003_OpenNewAccountTest" name="OpenCheckingAccountTest" time="8.665"/>
  <testcase classname="testCases.TC003_OpenNewAccountTest" name="VerifyAccountDetailsNavigationTest" time="8.964"/>
  <testcase classname="testCases.TC003_OpenNewAccountTest" name="VerifyBackButtonAfterAccountCreationTest" time="8.589"/>
</testsuite> <!-- testCases.TC003_OpenNewAccountTest -->
