<?xml version="1.0" encoding="UTF-8"?>
<!-- Generated by org.testng.reporters.JUnitReportReporter -->
<testsuite hostname="DESKTOP-QBF8APR" failures="0" tests="1" name="testCases.TC001_RegisterTestCase" time="1.822" errors="0" timestamp="2025-09-24T19:17:40 IST" skipped="0">
  <testcase classname="testCases.TC001_RegisterTestCase" name="RegisterTest" time="1.822"/>
</testsuite> <!-- testCases.TC001_RegisterTestCase -->
