<?xml version="1.0" encoding="UTF-8"?>
<!-- Generated by org.testng.reporters.JUnitReportReporter -->
<testsuite hostname="DESKTOP-QBF8APR" failures="0" tests="1" name="testCases.TC003_OpenNewAccountTest" time="6.724" errors="0" timestamp="2025-10-10T16:43:25 IST" skipped="0">
  <testcase classname="testCases.TC003_OpenNewAccountTest" name="OpenNewAccountTest" time="6.724"/>
</testsuite> <!-- testCases.TC003_OpenNewAccountTest -->
