<?xml version="1.0" encoding="UTF-8"?>
<!-- Generated by org.testng.reporters.JUnitReportReporter -->
<testsuite hostname="DESKTOP-QBF8APR" failures="0" tests="1" name="testCases.TC009_FooterTest" time="14.528" errors="0" timestamp="2025-10-10T20:50:07 IST" skipped="0">
  <testcase classname="testCases.TC009_FooterTest" name="VerifyFooterSection" time="14.528"/>
</testsuite> <!-- testCases.TC009_FooterTest -->
