<?xml version="1.0" encoding="UTF-8"?>
<!-- Generated by org.testng.reporters.JUnitReportReporter -->
<testsuite hostname="DESKTOP-QBF8APR" failures="0" tests="1" name="testCases.TC002_LoginTestCase" time="4.550" errors="0" timestamp="2025-09-24T19:17:40 IST" skipped="0">
  <testcase classname="testCases.TC002_LoginTestCase" name="loginTest" time="4.550"/>
</testsuite> <!-- testCases.TC002_LoginTestCase -->
