<?xml version="1.0" encoding="UTF-8"?>
<!-- Generated by org.testng.reporters.JUnitReportReporter -->
<testsuite hostname="DESKTOP-QBF8APR" failures="0" tests="1" name="testCases.TC008_HomePageTest" time="19.481" errors="0" timestamp="2025-10-10T18:20:42 IST" skipped="0">
  <testcase classname="testCases.TC008_HomePageTest" name="VerifyHomePage" time="19.481"/>
</testsuite> <!-- testCases.TC008_HomePageTest -->
